<?xml version="1.0" encoding="UTF-8"?>
<!-- Generated by org.testng.reporters.JUnitXMLReporter -->
<testsuite ignored="0" hostname="DESKTOP-4HOB2E3" failures="0" tests="16" name="Surefire test" time="45.893" errors="0" timestamp="2026-03-16T18:13:07 IST">
  <testcase classname="api.test.DataDrivenTest" name="testPostUser" time="7.929"/>
  <testcase classname="api.test.DataDrivenTest" name="testPostUser" time="1.569"/>
  <testcase classname="api.test.DataDrivenTest" name="testPostUser" time="1.392"/>
  <testcase classname="api.test.DataDrivenTest" name="testPostUser" time="2.232"/>
  <testcase classname="api.test.DataDrivenTest" name="testGetUserByName" time="1.664"/>
  <testcase classname="api.test.DataDrivenTest" name="testGetUserByName" time="3.357"/>
  <testcase classname="api.test.DataDrivenTest" name="testGetUserByName" time="1.604"/>
  <testcase classname="api.test.DataDrivenTest" name="testGetUserByName" time="2.228"/>
  <testcase classname="api.test.DataDrivenTest" name="testDeleteUserByName" time="2.416"/>
  <testcase classname="api.test.DataDrivenTest" name="testDeleteUserByName" time="1.687"/>
  <testcase classname="api.test.DataDrivenTest" name="testDeleteUserByName" time="1.639"/>
  <testcase classname="api.test.DataDrivenTest" name="testDeleteUserByName" time="1.732"/>
  <testcase classname="api.test.UserTest" name="testPostUser" time="1.789"/>
  <testcase classname="api.test.UserTest" name="testGetUserByName" time="2.391"/>
  <testcase classname="api.test.UserTest" name="testUpdateUserByName" time="3.518"/>
  <testcase classname="api.test.UserTest" name="testDeleteUserByName" time="2.432"/>
</testsuite> <!-- Surefire test -->
