<?xml version="1.0" encoding="UTF-8"?>
<testsuite xmlns:xsi="http://www.w3.org/2001/XMLSchema-instance" xsi:noNamespaceSchemaLocation="https://maven.apache.org/surefire/maven-surefire-plugin/xsd/surefire-test-report.xsd" version="3.0.2" name="TestSuite" time="48.201" tests="16" errors="0" skipped="0" failures="0" flakes="0">
  <properties>
[...]
</properties>
  <testcase name="testPostUser[1001, testuser1, Rama, Dash, rama@gmail.com, Rama@1234, 9764688546](1)" classname="api.test.DataDrivenTest" time="7.929">
    <system-err><![CDATA[SLF4J(W): No SLF4J providers were found.
SLF4J(W): Defaulting to no-operation (NOP) logger implementation
SLF4J(W): See https://www.slf4j.org/codes.html#noProviders for further details.
]]></system-err>
  </testcase>
  <testcase name="testPostUser[1002, testuser2, Krushna, Dash, rama@gmail.com, Rama@1234, 9764688547](2)" classname="api.test.DataDrivenTest" time="1.54"/>
  <testcase name="testPostUser[1003, testuser3, Syamala, Dash, rama@gmail.com, Rama@1234, 9764688548](3)" classname="api.test.DataDrivenTest" time="1.382"/>
  <testcase name="testPostUser[1004, testuser4, Rutu, Dash, rama@gmail.com, Rama@1234, 9764688549](4)" classname="api.test.DataDrivenTest" time="2.232"/>
  <testcase name="testGetUserByName[testuser1](1)" classname="api.test.DataDrivenTest" time="1.668"/>
  <testcase name="testGetUserByName[testuser2](2)" classname="api.test.DataDrivenTest" time="3.355"/>
  <testcase name="testGetUserByName[testuser3](3)" classname="api.test.DataDrivenTest" time="1.606"/>
  <testcase name="testGetUserByName[testuser4](4)" classname="api.test.DataDrivenTest" time="2.225"/>
  <testcase name="testDeleteUserByName[testuser1](1)" classname="api.test.DataDrivenTest" time="2.419"/>
  <testcase name="testDeleteUserByName[testuser2](2)" classname="api.test.DataDrivenTest" time="1.682"/>
  <testcase name="testDeleteUserByName[testuser3](3)" classname="api.test.DataDrivenTest" time="1.64"/>
  <testcase name="testDeleteUserByName[testuser4](4)" classname="api.test.DataDrivenTest" time="1.732"/>
  <testcase name="testPostUser" classname="api.test.UserTest" time="1.801">
    <system-out><![CDATA[HTTP/1.1 200 OK
Date: Mon, 16 Mar 2026 12:42:59 GMT
Content-Type: application/json
Transfer-Encoding: chunked
Connection: keep-alive
Access-Control-Allow-Origin: *
Access-Control-Allow-Methods: GET, POST, DELETE, PUT
Access-Control-Allow-Headers: Content-Type, api_key, Authorization
Server: Jetty(9.2.9.v20150224)

{
    "code": 200,
    "type": "unknown",
    "message": "1863346936"
}
]]></system-out>
  </testcase>
  <testcase name="testGetUserByName" classname="api.test.UserTest" time="2.503">
    <system-out><![CDATA[HTTP/1.1 200 OK
Date: Mon, 16 Mar 2026 12:43:02 GMT
Content-Type: application/json
Transfer-Encoding: chunked
Connection: keep-alive
Access-Control-Allow-Origin: *
Access-Control-Allow-Methods: GET, POST, DELETE, PUT
Access-Control-Allow-Headers: Content-Type, api_key, Authorization
Server: Jetty(9.2.9.v20150224)

{
    "id": 1863346936,
    "username": "brittney.kulas",
    "firstName": "Marlana",
    "lastName": "Leuschke",
    "email": "alvin.quigley@example.com",
    "password": "ir8s5v",
    "phone": "1-417-062-3791",
    "userStatus": 0
}
]]></system-out>
  </testcase>
  <testcase name="testUpdateUserByName" classname="api.test.UserTest" time="3.399">
    <system-out><![CDATA[{
    "code": 200,
    "type": "unknown",
    "message": "1863346936"
}
]]></system-out>
  </testcase>
  <testcase name="testDeleteUserByName" classname="api.test.UserTest" time="2.446">
    <system-out><![CDATA[HTTP/1.1 200 OK
Date: Mon, 16 Mar 2026 12:43:08 GMT
Content-Type: application/json
Transfer-Encoding: chunked
Connection: keep-alive
Access-Control-Allow-Origin: *
Access-Control-Allow-Methods: GET, POST, DELETE, PUT
Access-Control-Allow-Headers: Content-Type, api_key, Authorization
Server: Jetty(9.2.9.v20150224)

{
    "code": 200,
    "type": "unknown",
    "message": "brittney.kulas"
}
]]></system-out>
  </testcase>
</testsuite>