<?xml version="1.0" encoding="UTF-8"?>
<testng-results ignored="0" total="16" passed="16" failed="0" skipped="0">
  <reporter-output>
  </reporter-output>
  <suite started-at="2026-03-16T18:12:22 IST" name="Surefire suite" finished-at="2026-03-16T18:13:07 IST" duration-ms="45893">
    <groups>
    </groups>
    <test started-at="2026-03-16T18:12:22 IST" name="Surefire test" finished-at="2026-03-16T18:13:07 IST" duration-ms="45893">
      <class name="api.test.UserTest">
        <test-method is-config="true" signature="setup()[pri:0, instance:api.test.UserTest@3ee0fea4]" started-at="2026-03-16T18:12:57 IST" name="setup" finished-at="2026-03-16T18:12:57 IST" duration-ms="477" status="PASS">
          <reporter-output>
          </reporter-output>
        </test-method> <!-- setup -->
        <test-method signature="testPostUser()[pri:1, instance:api.test.UserTest@3ee0fea4]" started-at="2026-03-16T18:12:57 IST" name="testPostUser" finished-at="2026-03-16T18:12:59 IST" duration-ms="1789" status="PASS">
          <reporter-output>
          </reporter-output>
        </test-method> <!-- testPostUser -->
        <test-method signature="testGetUserByName()[pri:2, instance:api.test.UserTest@3ee0fea4]" started-at="2026-03-16T18:12:59 IST" name="testGetUserByName" finished-at="2026-03-16T18:13:02 IST" duration-ms="2391" status="PASS">
          <reporter-output>
          </reporter-output>
        </test-method> <!-- testGetUserByName -->
        <test-method signature="testUpdateUserByName()[pri:3, instance:api.test.UserTest@3ee0fea4]" started-at="2026-03-16T18:13:02 IST" name="testUpdateUserByName" finished-at="2026-03-16T18:13:05 IST" duration-ms="3518" status="PASS">
          <reporter-output>
          </reporter-output>
        </test-method> <!-- testUpdateUserByName -->
        <test-method signature="testDeleteUserByName()[pri:4, instance:api.test.UserTest@3ee0fea4]" started-at="2026-03-16T18:13:05 IST" name="testDeleteUserByName" finished-at="2026-03-16T18:13:07 IST" duration-ms="2432" status="PASS">
          <reporter-output>
          </reporter-output>
        </test-method> <!-- testDeleteUserByName -->
      </class> <!-- api.test.UserTest -->
      <class name="api.test.DataDrivenTest">
        <test-method signature="testPostUser(java.lang.String,java.lang.String,java.lang.String,java.lang.String,java.lang.String,java.lang.String,java.lang.String)[pri:1, instance:api.test.DataDrivenTest@5d47c63f]" started-at="2026-03-16T18:12:27 IST" name="testPostUser" data-provider="Data" finished-at="2026-03-16T18:12:35 IST" duration-ms="7929" status="PASS">
          <params>
            <param index="0">
              <value>
                <![CDATA[1001]]>
              </value>
            </param>
            <param index="1">
              <value>
                <![CDATA[testuser1]]>
              </value>
            </param>
            <param index="2">
              <value>
                <![CDATA[Rama]]>
              </value>
            </param>
            <param index="3">
              <value>
                <![CDATA[Dash]]>
              </value>
            </param>
            <param index="4">
              <value>
                <![CDATA[rama@gmail.com]]>
              </value>
            </param>
            <param index="5">
              <value>
                <![CDATA[Rama@1234]]>
              </value>
            </param>
            <param index="6">
              <value>
                <![CDATA[9764688546]]>
              </value>
            </param>
          </params>
          <reporter-output>
          </reporter-output>
        </test-method> <!-- testPostUser -->
        <test-method signature="testPostUser(java.lang.String,java.lang.String,java.lang.String,java.lang.String,java.lang.String,java.lang.String,java.lang.String)[pri:1, instance:api.test.DataDrivenTest@5d47c63f]" started-at="2026-03-16T18:12:35 IST" name="testPostUser" data-provider="Data" finished-at="2026-03-16T18:12:36 IST" duration-ms="1569" status="PASS">
          <params>
            <param index="0">
              <value>
                <![CDATA[1002]]>
              </value>
            </param>
            <param index="1">
              <value>
                <![CDATA[testuser2]]>
              </value>
            </param>
            <param index="2">
              <value>
                <![CDATA[Krushna]]>
              </value>
            </param>
            <param index="3">
              <value>
                <![CDATA[Dash]]>
              </value>
            </param>
            <param index="4">
              <value>
                <![CDATA[rama@gmail.com]]>
              </value>
            </param>
            <param index="5">
              <value>
                <![CDATA[Rama@1234]]>
              </value>
            </param>
            <param index="6">
              <value>
                <![CDATA[9764688547]]>
              </value>
            </param>
          </params>
          <reporter-output>
          </reporter-output>
        </test-method> <!-- testPostUser -->
        <test-method signature="testPostUser(java.lang.String,java.lang.String,java.lang.String,java.lang.String,java.lang.String,java.lang.String,java.lang.String)[pri:1, instance:api.test.DataDrivenTest@5d47c63f]" started-at="2026-03-16T18:12:36 IST" name="testPostUser" data-provider="Data" finished-at="2026-03-16T18:12:38 IST" duration-ms="1392" status="PASS">
          <params>
            <param index="0">
              <value>
                <![CDATA[1003]]>
              </value>
            </param>
            <param index="1">
              <value>
                <![CDATA[testuser3]]>
              </value>
            </param>
            <param index="2">
              <value>
                <![CDATA[Syamala]]>
              </value>
            </param>
            <param index="3">
              <value>
                <![CDATA[Dash]]>
              </value>
            </param>
            <param index="4">
              <value>
                <![CDATA[rama@gmail.com]]>
              </value>
            </param>
            <param index="5">
              <value>
                <![CDATA[Rama@1234]]>
              </value>
            </param>
            <param index="6">
              <value>
                <![CDATA[9764688548]]>
              </value>
            </param>
          </params>
          <reporter-output>
          </reporter-output>
        </test-method> <!-- testPostUser -->
        <test-method signature="testPostUser(java.lang.String,java.lang.String,java.lang.String,java.lang.String,java.lang.String,java.lang.String,java.lang.String)[pri:1, instance:api.test.DataDrivenTest@5d47c63f]" started-at="2026-03-16T18:12:38 IST" name="testPostUser" data-provider="Data" finished-at="2026-03-16T18:12:40 IST" duration-ms="2232" status="PASS">
          <params>
            <param index="0">
              <value>
                <![CDATA[1004]]>
              </value>
            </param>
            <param index="1">
              <value>
                <![CDATA[testuser4]]>
              </value>
            </param>
            <param index="2">
              <value>
                <![CDATA[Rutu]]>
              </value>
            </param>
            <param index="3">
              <value>
                <![CDATA[Dash]]>
              </value>
            </param>
            <param index="4">
              <value>
                <![CDATA[rama@gmail.com]]>
              </value>
            </param>
            <param index="5">
              <value>
                <![CDATA[Rama@1234]]>
              </value>
            </param>
            <param index="6">
              <value>
                <![CDATA[9764688549]]>
              </value>
            </param>
          </params>
          <reporter-output>
          </reporter-output>
        </test-method> <!-- testPostUser -->
        <test-method signature="testGetUserByName(java.lang.String)[pri:2, instance:api.test.DataDrivenTest@5d47c63f]" started-at="2026-03-16T18:12:40 IST" name="testGetUserByName" data-provider="UserNames" finished-at="2026-03-16T18:12:42 IST" duration-ms="1664" status="PASS">
          <params>
            <param index="0">
              <value>
                <![CDATA[testuser1]]>
              </value>
            </param>
          </params>
          <reporter-output>
          </reporter-output>
        </test-method> <!-- testGetUserByName -->
        <test-method signature="testGetUserByName(java.lang.String)[pri:2, instance:api.test.DataDrivenTest@5d47c63f]" started-at="2026-03-16T18:12:42 IST" name="testGetUserByName" data-provider="UserNames" finished-at="2026-03-16T18:12:45 IST" duration-ms="3357" status="PASS">
          <params>
            <param index="0">
              <value>
                <![CDATA[testuser2]]>
              </value>
            </param>
          </params>
          <reporter-output>
          </reporter-output>
        </test-method> <!-- testGetUserByName -->
        <test-method signature="testGetUserByName(java.lang.String)[pri:2, instance:api.test.DataDrivenTest@5d47c63f]" started-at="2026-03-16T18:12:45 IST" name="testGetUserByName" data-provider="UserNames" finished-at="2026-03-16T18:12:47 IST" duration-ms="1604" status="PASS">
          <params>
            <param index="0">
              <value>
                <![CDATA[testuser3]]>
              </value>
            </param>
          </params>
          <reporter-output>
          </reporter-output>
        </test-method> <!-- testGetUserByName -->
        <test-method signature="testGetUserByName(java.lang.String)[pri:2, instance:api.test.DataDrivenTest@5d47c63f]" started-at="2026-03-16T18:12:47 IST" name="testGetUserByName" data-provider="UserNames" finished-at="2026-03-16T18:12:49 IST" duration-ms="2228" status="PASS">
          <params>
            <param index="0">
              <value>
                <![CDATA[testuser4]]>
              </value>
            </param>
          </params>
          <reporter-output>
          </reporter-output>
        </test-method> <!-- testGetUserByName -->
        <test-method signature="testDeleteUserByName(java.lang.String)[pri:4, instance:api.test.DataDrivenTest@5d47c63f]" started-at="2026-03-16T18:12:49 IST" name="testDeleteUserByName" data-provider="UserNames" finished-at="2026-03-16T18:12:52 IST" duration-ms="2416" status="PASS">
          <params>
            <param index="0">
              <value>
                <![CDATA[testuser1]]>
              </value>
            </param>
          </params>
          <reporter-output>
          </reporter-output>
        </test-method> <!-- testDeleteUserByName -->
        <test-method signature="testDeleteUserByName(java.lang.String)[pri:4, instance:api.test.DataDrivenTest@5d47c63f]" started-at="2026-03-16T18:12:52 IST" name="testDeleteUserByName" data-provider="UserNames" finished-at="2026-03-16T18:12:53 IST" duration-ms="1687" status="PASS">
          <params>
            <param index="0">
              <value>
                <![CDATA[testuser2]]>
              </value>
            </param>
          </params>
          <reporter-output>
          </reporter-output>
        </test-method> <!-- testDeleteUserByName -->
        <test-method signature="testDeleteUserByName(java.lang.String)[pri:4, instance:api.test.DataDrivenTest@5d47c63f]" started-at="2026-03-16T18:12:53 IST" name="testDeleteUserByName" data-provider="UserNames" finished-at="2026-03-16T18:12:55 IST" duration-ms="1639" status="PASS">
          <params>
            <param index="0">
              <value>
                <![CDATA[testuser3]]>
              </value>
            </param>
          </params>
          <reporter-output>
          </reporter-output>
        </test-method> <!-- testDeleteUserByName -->
        <test-method signature="testDeleteUserByName(java.lang.String)[pri:4, instance:api.test.DataDrivenTest@5d47c63f]" started-at="2026-03-16T18:12:55 IST" name="testDeleteUserByName" data-provider="UserNames" finished-at="2026-03-16T18:12:57 IST" duration-ms="1732" status="PASS">
          <params>
            <param index="0">
              <value>
                <![CDATA[testuser4]]>
              </value>
            </param>
          </params>
          <reporter-output>
          </reporter-output>
        </test-method> <!-- testDeleteUserByName -->
      </class> <!-- api.test.DataDrivenTest -->
    </test> <!-- Surefire test -->
  </suite> <!-- Surefire suite -->
</testng-results>
