<?xml version="1.0" encoding="UTF-8"?>
<testng-results ignored="0" total="4" passed="4" failed="0" skipped="0">
  <reporter-output>
  </reporter-output>
  <suite started-at="2026-03-16T16:31:13 IST" name="PetSuite" finished-at="2026-03-16T16:31:31 IST" duration-ms="18390">
    <groups>
    </groups>
    <test started-at="2026-03-16T16:31:13 IST" name="PetTest" finished-at="2026-03-16T16:31:31 IST" duration-ms="18390">
      <class name="api.test.UserTest2">
        <test-method is-config="true" signature="setup()[pri:0, instance:api.test.UserTest2@6e20b53a]" started-at="2026-03-16T16:31:13 IST" name="setup" finished-at="2026-03-16T16:31:15 IST" duration-ms="1770" status="PASS">
          <reporter-output>
          </reporter-output>
        </test-method> <!-- setup -->
        <test-method signature="testPostUser()[pri:1, instance:api.test.UserTest2@6e20b53a]" started-at="2026-03-16T16:31:15 IST" name="testPostUser" finished-at="2026-03-16T16:31:23 IST" duration-ms="7570" status="PASS">
          <reporter-output>
          </reporter-output>
        </test-method> <!-- testPostUser -->
        <test-method signature="testGetUserByName()[pri:2, instance:api.test.UserTest2@6e20b53a]" started-at="2026-03-16T16:31:23 IST" name="testGetUserByName" finished-at="2026-03-16T16:31:25 IST" duration-ms="2015" status="PASS">
          <reporter-output>
          </reporter-output>
        </test-method> <!-- testGetUserByName -->
        <test-method signature="testUpdateUserByName()[pri:3, instance:api.test.UserTest2@6e20b53a]" started-at="2026-03-16T16:31:25 IST" name="testUpdateUserByName" finished-at="2026-03-16T16:31:29 IST" duration-ms="4130" status="PASS">
          <reporter-output>
          </reporter-output>
        </test-method> <!-- testUpdateUserByName -->
        <test-method signature="testDeleteUserByName()[pri:4, instance:api.test.UserTest2@6e20b53a]" started-at="2026-03-16T16:31:29 IST" name="testDeleteUserByName" finished-at="2026-03-16T16:31:31 IST" duration-ms="2077" status="PASS">
          <reporter-output>
          </reporter-output>
        </test-method> <!-- testDeleteUserByName -->
      </class> <!-- api.test.UserTest2 -->
    </test> <!-- PetTest -->
  </suite> <!-- PetSuite -->
</testng-results>
