<?xml version="1.0" encoding="UTF-8"?>
<!-- Generated by org.testng.reporters.JUnitReportReporter -->
<testsuite hostname="DESKTOP-4HOB2E3" failures="0" tests="12" name="api.test.DataDrivenTest" time="31.843" errors="0" timestamp="2026-03-15T23:54:58 IST" skipped="0">
  <testcase classname="api.test.DataDrivenTest" name="testPostUser" time="2.239"/>
  <testcase classname="api.test.DataDrivenTest" name="testPostUser" time="7.286"/>
  <testcase classname="api.test.DataDrivenTest" name="testPostUser" time="1.960"/>
  <testcase classname="api.test.DataDrivenTest" name="testPostUser" time="1.702"/>
  <testcase classname="api.test.DataDrivenTest" name="testGetUserByName" time="1.920"/>
  <testcase classname="api.test.DataDrivenTest" name="testGetUserByName" time="1.886"/>
  <testcase classname="api.test.DataDrivenTest" name="testGetUserByName" time="1.653"/>
  <testcase classname="api.test.DataDrivenTest" name="testGetUserByName" time="2.177"/>
  <testcase classname="api.test.DataDrivenTest" name="testDeleteUserByName" time="3.534"/>
  <testcase classname="api.test.DataDrivenTest" name="testDeleteUserByName" time="3.511"/>
  <testcase classname="api.test.DataDrivenTest" name="testDeleteUserByName" time="2.062"/>
  <testcase classname="api.test.DataDrivenTest" name="testDeleteUserByName" time="1.913"/>
</testsuite> <!-- api.test.DataDrivenTest -->
