<?xml version="1.0" encoding="UTF-8"?>
<!-- Generated by org.testng.reporters.JUnitReportReporter -->
<testsuite hostname="DESKTOP-4HOB2E3" failures="0" tests="4" name="api.test.UserTest" time="15.992" errors="0" timestamp="2026-03-16T09:43:51 IST" skipped="0">
  <testcase classname="api.test.UserTest" name="testPostUser" time="9.052"/>
  <testcase classname="api.test.UserTest" name="testGetUserByName" time="1.849"/>
  <testcase classname="api.test.UserTest" name="testUpdateUserByName" time="3.336"/>
  <testcase classname="api.test.UserTest" name="testDeleteUserByName" time="1.755"/>
</testsuite> <!-- api.test.UserTest -->
