<?xml version="1.0" encoding="UTF-8"?>
<!-- Generated by org.testng.reporters.JUnitReportReporter -->
<testsuite hostname="DESKTOP-4HOB2E3" failures="0" tests="4" name="api.test.UserTest2" time="15.792" errors="0" timestamp="2026-03-16T16:31:33 IST" skipped="0">
  <testcase classname="api.test.UserTest2" name="testPostUser" time="7.570"/>
  <testcase classname="api.test.UserTest2" name="testGetUserByName" time="2.015"/>
  <testcase classname="api.test.UserTest2" name="testUpdateUserByName" time="4.130"/>
  <testcase classname="api.test.UserTest2" name="testDeleteUserByName" time="2.077"/>
</testsuite> <!-- api.test.UserTest2 -->
