<?xml version="1.0" encoding="UTF-8"?>
<!-- Generated by org.testng.reporters.JUnitReportReporter -->
<testsuite hostname="DESKTOP-4HOB2E3" failures="0" tests="4" name="api.test.UserTest" time="10.130" errors="0" timestamp="2026-03-16T18:13:08 IST" skipped="0">
  <testcase classname="api.test.UserTest" name="testPostUser" time="1.789"/>
  <testcase classname="api.test.UserTest" name="testGetUserByName" time="2.391"/>
  <testcase classname="api.test.UserTest" name="testUpdateUserByName" time="3.518"/>
  <testcase classname="api.test.UserTest" name="testDeleteUserByName" time="2.432"/>
</testsuite> <!-- api.test.UserTest -->
