<?xml version="1.0" encoding="UTF-8"?>
<!-- Generated by org.testng.reporters.JUnitReportReporter -->
<testsuite hostname="DESKTOP-4HOB2E3" failures="0" tests="12" name="api.test.DataDrivenTest" time="29.449" errors="0" timestamp="2026-03-16T18:13:08 IST" skipped="0">
  <testcase classname="api.test.DataDrivenTest" name="testPostUser" time="1.392"/>
  <testcase classname="api.test.DataDrivenTest" name="testPostUser" time="2.232"/>
  <testcase classname="api.test.DataDrivenTest" name="testPostUser" time="7.929"/>
  <testcase classname="api.test.DataDrivenTest" name="testPostUser" time="1.569"/>
  <testcase classname="api.test.DataDrivenTest" name="testGetUserByName" time="1.664"/>
  <testcase classname="api.test.DataDrivenTest" name="testGetUserByName" time="2.228"/>
  <testcase classname="api.test.DataDrivenTest" name="testGetUserByName" time="3.357"/>
  <testcase classname="api.test.DataDrivenTest" name="testGetUserByName" time="1.604"/>
  <testcase classname="api.test.DataDrivenTest" name="testDeleteUserByName" time="2.416"/>
  <testcase classname="api.test.DataDrivenTest" name="testDeleteUserByName" time="1.687"/>
  <testcase classname="api.test.DataDrivenTest" name="testDeleteUserByName" time="1.732"/>
  <testcase classname="api.test.DataDrivenTest" name="testDeleteUserByName" time="1.639"/>
</testsuite> <!-- api.test.DataDrivenTest -->
