<?xml version="1.0" encoding="UTF-8"?>
<!-- Generated by org.testng.reporters.JUnitXMLReporter -->
<testsuite ignored="0" hostname="DESKTOP-4HOB2E3" failures="0" tests="4" name="PetTest" time="18.39" errors="0" timestamp="2026-03-16T16:31:32 IST">
  <testcase classname="api.test.UserTest2" name="testPostUser" time="7.57"/>
  <testcase classname="api.test.UserTest2" name="testGetUserByName" time="2.015"/>
  <testcase classname="api.test.UserTest2" name="testUpdateUserByName" time="4.13"/>
  <testcase classname="api.test.UserTest2" name="testDeleteUserByName" time="2.077"/>
</testsuite> <!-- PetTest -->
